{"level":"fatal","message":"Prueba fatal"}
{"level":"error","message":"Prueba error"}
{"level":"fatal","message":"Prueba fatal"}
{"level":"error","message":"Prueba error"}
{"level":"error","message":"[controllers/productsController.js] /addProducts E11000 duplicate key error collection: ecommerce.products index: code_1 dup key: { code: \"002023\" }"}
{"level":"error","message":"[controllers/productsController.js] /addProducts E11000 duplicate key error collection: ecommerce.products index: code_1 dup key: { code: \"002024\" }"}
{"level":"error","message":"[controllers/productsController.js] /deleteProduct El producto no pertenece a marceloalgil@gmail.com"}
{"level":"error","message":"[controllers/productsController.js] /updateProduct El producto no pertenece a marceloalgil@gmail.com"}
{"level":"error","message":"[controllers/usersController.js] /resetEmailUser Cannot set headers after they are sent to the client"}
{"level":"fatal","message":"Cannot set headers after they are sent to the client"}
{"level":"fatal","message":"Cannot set headers after they are sent to the client"}
{"level":"fatal","message":"Cannot set headers after they are sent to the client"}
{"level":"fatal","message":"Cannot set headers after they are sent to the client"}
{"level":"fatal","message":"Cannot set headers after they are sent to the client"}
{"level":"error","message":"[controllers/usersController.js] /resetUser jwt must be provided"}
{"level":"error","message":"[controllers/usersController.js] /resetUser jwt must be provided"}
{"level":"error","message":"[routes/dbRoutes/router.js] /applyCallbacks getLogger is not defined"}
{"level":"error","message":"[routes/dbRoutes/router.js] /applyCallbacks getLogger is not defined"}
{"level":"error","message":"[routes/dbRoutes/router.js] /applyCallbacks getLogger is not defined"}
{"level":"error","message":"[routes/dbRoutes/router.js] /applyCallbacks getLogger is not defined"}
{"level":"error","message":"[controllers/productsController.js] /deleteProduct El producto no pertenece a marceloalgil@gmail.com"}
{"level":"error","message":"[routes/dbRoutes/router.js] /applyCallbacks getLogger is not defined"}
{"level":"error","message":"[routes/dbRoutes/router.js] /applyCallbacks getLogger is not defined"}
{"level":"error","message":"[routes/dbRoutes/router.js] /applyCallbacks getLogger is not defined"}
{"level":"error","message":"[controllers/cartsController.js] /updateCartOne Cannot read properties of undefined (reading 'find')"}
{"level":"error","message":"[controllers/cartsController.js] /updateCartOne Cannot read properties of undefined (reading 'find')"}
{"level":"error","message":"[controllers/cartsController.js] /updateCartOne Cannot read properties of undefined (reading 'find')"}
{"level":"error","message":"[controllers/cartsController.js] /updateCartOne Cannot read properties of undefined (reading 'find')"}
{"level":"error","message":"[controllers/cartsController.js] /updateCartOne No se pudo Actualizar el Producto en el Carrito"}
{"level":"error","message":"[controllers/cartsController.js] /updateCartOne product is not defined"}
{"level":"error","message":"[controllers/cartsController.js] /updateCartOne product is not defined"}
{"level":"error","message":"[controllers/cartsController.js] /updateCartOne product is not defined"}
{"level":"error","message":"[controllers/cartsController.js] /updateCartOne No puede agregar un producto que le pertenece"}
{"level":"error","message":"[controllers/cartsController.js] /updateCartOne Cannot read properties of null (reading '_id')"}
{"level":"error","message":"[controllers/productsController.js] /getProductById Cast to ObjectId failed for value \"64cc1ba3ebd341576d96e6d1uhkhj\" (type string) at path \"_id\" for model \"products\""}
{"level":"error","message":"[controllers/productsController.js] /getProductById Producto Inexistente"}
{"level":"error","message":"[controllers/productsController.js] /getProductById Producto Inexistente"}
{"level":"error","message":"[controllers/cartsController.js] /updateCartOne No se pudo Actualizar el Producto en el Carrito"}
{"level":"error","message":"[controllers/cartsController.js] /updateCartOne No se pudo Actualizar el Producto en el Carrito"}
{"level":"error","message":"[controllers/cartsController.js] /updateCartOne No se pudo Actualizar el Producto en el Carrito"}
{"level":"error","message":"[controllers/cartsController.js] /updateCartOne No se pudo Actualizar el Producto en el Carrito"}
{"level":"error","message":"[controllers/cartsController.js] /updateCartOne No se pudo Actualizar el Producto en el Carrito"}
{"level":"error","message":"[controllers/productsController.js] /getProductById Producto Inexistente"}
{"level":"error","message":"[controllers/productsController.js] /getProductById Producto Inexistente"}
{"level":"error","message":"[controllers/productsController.js] /getProductById Producto Inexistente"}
{"level":"error","message":"[routes/dbRoutes/router.js] /applyCallbacks email is not defined"}
{"level":"error","message":"[routes/dbRoutes/router.js] /applyCallbacks email is not defined"}
{"level":"error","message":"[routes/dbRoutes/router.js] /applyCallbacks Cannot read properties of undefined (reading 'email')"}
{"level":"error","message":"[routes/dbRoutes/router.js] /applyCallbacks Cannot read properties of undefined (reading 'email')"}
{"level":"error","message":"[routes/dbRoutes/router.js] /applyCallbacks Cannot read properties of undefined (reading 'email')"}
{"level":"error","message":"[routes/dbRoutes/router.js] /applyCallbacks Cannot read properties of undefined (reading 'email')"}
{"level":"error","message":"[routes/dbRoutes/router.js] /applyCallbacks Cannot read properties of undefined (reading 'email')"}
{"level":"error","message":"[routes/dbRoutes/router.js] /applyCallbacks email is not defined"}
{"level":"error","message":"[routes/dbRoutes/router.js] /applyCallbacks email is not defined"}
{"level":"error","message":"[routes/dbRoutes/router.js] /applyCallbacks email is not defined"}
{"level":"error","message":"[routes/dbRoutes/router.js] /applyCallbacks email is not defined"}
{"level":"error","message":"[routes/dbRoutes/router.js] /applyCallbacks email is not defined"}
{"level":"error","message":"[routes/dbRoutes/router.js] /applyCallbacks email is not defined"}
{"level":"error","message":"[routes/dbRoutes/router.js] /applyCallbacks user is not defined"}
{"level":"error","message":"[routes/dbRoutes/router.js] /applyCallbacks Assignment to constant variable."}
{"level":"error","message":"[routes/dbRoutes/router.js] /applyCallbacks Assignment to constant variable."}
{"level":"error","message":"[routes/dbRoutes/router.js] /applyCallbacks Assignment to constant variable."}
{"level":"error","message":"[services/usersService.js] /deleteUsers _id is not defined"}
{"level":"error","message":"[services/usersService.js] /deleteUsers user is not defined"}
{"level":"error","message":"[services/usersService.js] /deleteUser Cannot read properties of null (reading 'first_name')"}
{"level":"error","message":"[services/usersService.js] /deleteUser Not found"}
{"level":"error","message":"[services/usersService.js] /deleteUser Not found"}
{"level":"error","message":"[services/usersService.js] /deleteUser Not found"}
{"level":"error","message":"[routes/dbRoutes/router.js] /applyCallbacks Cast to ObjectId failed for value \"alt=\"Imagen\" (type string) at path \"_id\" for model \"products\""}
{"level":"error","message":"[routes/dbRoutes/router.js] /applyCallbacks Cast to ObjectId failed for value \"alt=\"Imagen\" (type string) at path \"_id\" for model \"products\""}
{"level":"error","message":"[controllers/cartsController.js] /updateCartOne Cast to ObjectId failed for value \"[object Object]\" (type string) at path \"_id\" for model \"carts\""}
{"level":"error","message":"[controllers/cartsController.js] /updateCartOne Cast to ObjectId failed for value \"[object Object]\" (type string) at path \"_id\" for model \"carts\""}
{"level":"error","message":"[controllers/cartsController.js] /updateCartOne Cast to ObjectId failed for value \"[object Object]\" (type string) at path \"_id\" for model \"carts\""}
{"level":"error","message":"[controllers/cartsController.js] /updateCartOne Cast to ObjectId failed for value \"[object Object]\" (type string) at path \"_id\" for model \"carts\""}
{"level":"error","message":"[controllers/cartsController.js] /updateCartOne Cast to ObjectId failed for value \"[object Object]\" (type string) at path \"_id\" for model \"carts\""}
{"level":"error","message":"[controllers/cartsController.js] /updateCartOne Cast to ObjectId failed for value \"[object Object]\" (type string) at path \"_id\" for model \"carts\""}
{"level":"error","message":"[controllers/cartsController.js] /updateCartOne Cast to ObjectId failed for value \"[object Object]\" (type string) at path \"_id\" for model \"carts\""}
{"level":"error","message":"[controllers/cartsController.js] /updateCartOne Cast to ObjectId failed for value \"[object Object]\" (type string) at path \"_id\" for model \"carts\""}
{"level":"error","message":"[controllers/cartsController.js] /updateCartOne Cast to ObjectId failed for value \"[object Object]\" (type string) at path \"_id\" for model \"carts\""}
{"level":"error","message":"[controllers/cartsController.js] /updateCartOne No se pudo Actualizar el Producto en el Carrito"}
{"level":"error","message":"[controllers/cartsController.js] /updateTicketPurchase No se pudo crear el ticket No se Proceso ningun producto"}
{"level":"error","message":"[controllers/cartsController.js] /updateCartOne No se pudo Actualizar el Producto en el Carrito"}
{"level":"error","message":"[controllers/cartsController.js] /updateCartOne No se pudo Actualizar el Producto en el Carrito"}
{"level":"error","message":"[controllers/cartsController.js] /deleteCartProduct No existe el Producto en el Carrito"}
{"level":"error","message":"[controllers/cartsController.js] /deleteCartProduct No existe el Producto en el Carrito"}
{"level":"error","message":"[routes/dbRoutes/router.js] /applyCallbacks Cannot read properties of null (reading 'carts')"}
{"level":"error","message":"[routes/dbRoutes/router.js] /applyCallbacks Cannot read properties of null (reading 'carts')"}
{"level":"error","message":"[controllers/cartsController.js] /updateCartOne No puede agregar un producto que le pertenece"}
{"level":"error","message":"[controllers/cartsController.js] /updateCartOne No puede agregar un producto que le pertenece"}
{"level":"error","message":"[controllers/cartsController.js] /updateTicketPurchase No se pudo crear el ticket No se Proceso ningun producto"}
{"level":"error","message":"[controllers/cartsController.js] /updateCartOne No puede agregar un producto que le pertenece"}
{"level":"error","message":"[controllers/cartsController.js] /updateTicketPurchase No se pudo crear el ticket No se Proceso ningun producto"}
{"level":"error","message":"[controllers/productsController.js] /deleteProduct El producto no pertenece a marceloalgil@gmail.com"}
{"level":"error","message":"[controllers/productsController.js] /updateProduct Producto Inexistente"}
{"level":"error","message":"[controllers/productsController.js] /updateProduct Producto Inexistente"}
{"level":"error","message":"[controllers/productsController.js] /updateProduct Producto invalido, El Stock debe ser mayor a Cero"}
